[0m[[0m[0mdebug[0m] [0m[0m> Exec(testOnly fp1tests, Some(aab2b4f1-b131-4c6f-a42f-76b19404f5be), Some(CommandSource(console0)))[0m
[0m[[0m[0mdebug[0m] [0m[0mEvaluating tasks: Test / testOnly[0m
[0m[[0m[0mdebug[0m] [0m[0mRunning task... Cancel: Signal, check cycles: false, forcegc: true[0m
[0m[[0m[0minfo[0m] [0m[0mcompiling 1 Scala source to /Users/WillyMoore/Documents/College/GRADSCHOOL/Concepts PL/HW2/target/scala-2.13/classes ...[0m
[0m[[0m[0minfo[0m] [0m[0m[32mfp1tests:[0m[0m
[0m[[0m[0minfo[0m] [0m[0m[32m- EX01 - factTest[0m[0m
[0m[[0m[0minfo[0m] [0m[0m[32m- EX02 - fib[0m[0m
[0m[[0m[0minfo[0m] [0m[0m[32m- EX03 - p1[0m[0m
[0m[[0m[0minfo[0m] [0m[0m[32m- EX04 - t1[0m[0m
[0m[[0m[0minfo[0m] [0m[0m[32m- EX05 - swap[0m[0m
[0m[[0m[0minfo[0m] [0m[0m[32m- EX06 - sum[0m[0m
[0m[[0m[0minfo[0m] [0m[0m[32m- EX07 - sumTail[0m[0m
[0m[[0m[0minfo[0m] [0m[0m[32m- EX08 - max[0m[0m
[0m[[0m[0minfo[0m] [0m[0m[32m- EX09 - maxTailAux[0m[0m
[0m[[0m[0minfo[0m] [0m[0m[31m- EX10 - otpu *** FAILED ***[0m[0m
[0m[[0m[0minfo[0m] [0m[0m[31m  TestFailedException was thrown during property evaluation. (fp1tests.scala:116)[0m[0m
[0m[[0m[0minfo[0m] [0m[0m[31m    Message: null did not equal List(20, 19, 18, 17, 16, 15, 14, 13, 12, 11, 10)[0m[0m
[0m[[0m[0minfo[0m] [0m[0m[31m    Location: (fp1tests.scala:117)[0m[0m
[0m[[0m[0minfo[0m] [0m[0m[31m    Occurred at table row 0 (zero based, not counting headings), which had values ([0m[0m
[0m[[0m[0minfo[0m] [0m[0m[31m      start = 20,[0m[0m
[0m[[0m[0minfo[0m] [0m[0m[31m      end = 10,[0m[0m
[0m[[0m[0minfo[0m] [0m[0m[31m      otpu (start, end) = List(20, 19, 18, 17, 16, 15, 14, 13, 12, 11, 10)[0m[0m
[0m[[0m[0minfo[0m] [0m[0m[31m    )[0m[0m
[0m[[0m[0minfo[0m] [0m[0mScalaTest[0m
[0m[[0m[0minfo[0m] [0m[0m[36mRun completed in 187 milliseconds.[0m[0m
[0m[[0m[0minfo[0m] [0m[0m[36mTotal number of tests run: 10[0m[0m
[0m[[0m[0minfo[0m] [0m[0m[36mSuites: completed 1, aborted 0[0m[0m
[0m[[0m[0minfo[0m] [0m[0m[36mTests: succeeded 9, failed 1, canceled 0, ignored 0, pending 0[0m[0m
[0m[[0m[0minfo[0m] [0m[0m[31m*** 1 TEST FAILED ***[0m[0m
[0m[[0m[31merror[0m] [0m[0mFailed: Total 10, Failed 1, Errors 0, Passed 9[0m
[0m[[0m[31merror[0m] [0m[0mFailed tests:[0m
[0m[[0m[31merror[0m] [0m[0m	fp1tests[0m
[0m[[0m[31merror[0m] [0m[0m(Test / [31mtestOnly[0m) sbt.TestsFailedException: Tests unsuccessful[0m
[0m[[0m[31merror[0m] [0m[0mTotal time: 1 s, completed Apr 14, 2021, 10:13:35 AM[0m
[0m[[0m[0mdebug[0m] [0m[0m> Exec(shell, None, None)[0m
