<?xml version='1.0' encoding='UTF-8'?>
<testsuite hostname="williams-mbp-2.lan" name="argpasstests" tests="5" errors="0" failures="0" skipped="0" time="0.021" timestamp="2021-05-18T23:47:43">
                     <properties>
[...]
</properties>
                     <testcase classname="argpasstests" name="EX01 - refint1" time="0.016">
                                                 
                                               </testcase><testcase classname="argpasstests" name="EX02 - refint2" time="0.001">
                                                 
                                               </testcase><testcase classname="argpasstests" name="EX03 - refint3" time="0.001">
                                                 
                                               </testcase><testcase classname="argpasstests" name="EX04 - refint4" time="0.001">
                                                 
                                               </testcase><testcase classname="argpasstests" name="EX05 - refint5" time="0.002">
                                                 
                                               </testcase>
                     <system-out><![CDATA[]]></system-out>
                     <system-err><![CDATA[]]></system-err>
                   </testsuite>